<?xml version="1.0" encoding="UTF-8"?>
<!-- Generated by org.testng.reporters.JUnitReportReporter -->
<testsuite hostname="L-DEE-B710W93" failures="0" tests="5" name="tests.AddOwnersTest" time="3.686" errors="0" timestamp="2022-02-22T11:43:35 CET" skipped="0">
  <testcase classname="tests.AddOwnersTest" name="validateThatErrorMesssageDisplayInFirstNameButNotOnOtherFieldsUsingThrowsExceptionAndReadingExceptionName" time="0.570"/>
  <system-out/>
  <testcase classname="tests.AddOwnersTest" name="userCannotAddOwnerInCaseTelephoneFieldContainsStrings" time="0.646"/>
  <system-out/>
  <testcase classname="tests.AddOwnersTest" name="userCannotAddOwnerInCaseTelephoneFieldContainsMoreThan10Intigers" time="0.680"/>
  <system-out/>
  <testcase classname="tests.AddOwnersTest" name="userCannotAddOwnerInCaseThatRequiredFieldsAreBalnk" time="0.712"/>
  <system-out/>
  <testcase classname="tests.AddOwnersTest" name="UserCanAddOwnerSuccessfully" time="1.078"/>
  <system-out/>
</testsuite> <!-- tests.AddOwnersTest -->
