<?xml version="1.0" encoding="UTF-8"?>
<!-- Generated by org.testng.reporters.JUnitReportReporter -->
<testsuite hostname="L-DEE-B710W93" failures="0" tests="1" name="pages.MethodForDate" time="0.015" errors="0" timestamp="2022-02-12T17:17:54 CET" skipped="0">
  <testcase classname="pages.MethodForDate" name="testDate" time="0.015"/>
  <system-out/>
</testsuite> <!-- pages.MethodForDate -->
