<?xml version="1.0" encoding="UTF-8"?>
<!-- Generated by org.testng.reporters.JUnitReportReporter -->
<testsuite hostname="L-DEE-B710W93" failures="0" tests="3" name="tests.NewVisitTest" time="6.618" errors="0" timestamp="2022-02-22T11:43:35 CET" skipped="0">
  <testcase classname="tests.NewVisitTest" name="cannotAddVisitDFNotCorrect" time="2.314"/>
  <system-out/>
  <testcase classname="tests.NewVisitTest" name="cannotAddVisitRequiredFieldBlank" time="2.152"/>
  <system-out/>
  <testcase classname="tests.NewVisitTest" name="userCanAddVisit" time="2.152"/>
  <system-out/>
</testsuite> <!-- tests.NewVisitTest -->
