<?xml version="1.0" encoding="UTF-8"?>
<!-- Generated by org.testng.reporters.JUnitReportReporter -->
<testsuite hostname="L-DEE-B710W93" failures="0" tests="1" name="pages.dynamictablehandling" time="22.625" errors="0" timestamp="2022-02-12T22:06:28 CET" skipped="0">
  <testcase classname="pages.dynamictablehandling" name="testFares" time="22.625"/>
  <system-out/>
</testsuite> <!-- pages.dynamictablehandling -->
