<?xml version="1.0" encoding="UTF-8"?>
<!-- Generated by org.testng.reporters.JUnitReportReporter -->
<testsuite hostname="L-DEE-B710W93" failures="0" tests="3" name="tests.AddNewPetTest" time="5.487" errors="0" timestamp="2022-02-22T11:43:35 CET" skipped="0">
  <testcase classname="tests.AddNewPetTest" name="invalidAddUniquePetTest_ValidNameInvalidDateFormat" time="1.769"/>
  <system-out/>
  <testcase classname="tests.AddNewPetTest" name="invalidAddUniquePetTest_NameBirthDateEmpty" time="2.012"/>
  <system-out/>
  <testcase classname="tests.AddNewPetTest" name="validAddUniquePetTest_ValidNameValidBirthD" time="1.706"/>
  <system-out/>
</testsuite> <!-- tests.AddNewPetTest -->
