<?xml version="1.0" encoding="UTF-8"?>
<!-- Generated by org.testng.reporters.JUnitReportReporter -->
<testsuite hostname="L-DEE-B710W93" failures="0" tests="3" name="tests.SearchForOwnerTest" time="3.155" errors="0" timestamp="2022-02-22T11:43:35 CET" skipped="0">
  <testcase classname="tests.SearchForOwnerTest" name="testUniqueOwner" time="0.987"/>
  <system-out/>
  <testcase classname="tests.SearchForOwnerTest" name="testNonUniqueOwner" time="1.868"/>
  <system-out/>
  <testcase classname="tests.SearchForOwnerTest" name="userCannotSearchForNotPresentOwner" time="0.300"/>
  <system-out/>
</testsuite> <!-- tests.SearchForOwnerTest -->
