<?xml version="1.0" encoding="UTF-8"?>
<!-- Generated by org.testng.reporters.JUnitReportReporter -->
<testsuite hostname="L-DEE-B710W93" failures="0" tests="1" name="tests.EditOwnerTest" time="1.989" errors="0" timestamp="2022-02-22T11:43:35 CET" skipped="0">
  <testcase classname="tests.EditOwnerTest" name="userCanEditOwner" time="1.989"/>
  <system-out/>
</testsuite> <!-- tests.EditOwnerTest -->
